[debug] > Exec(early(addDefaultCommands), None, None)
[debug] > Exec(addDefaultCommands, None, None)
[debug] > Exec(early(initialize), None, None)
[debug] > Exec(initialize, None, None)
[debug] > Exec(boot, None, None)
[debug] > Exec(writeSbtVersion, None, None)
[warn] No sbt.version set in project/build.properties, base directory: /Users/aghurtchumelia/build-your-own-stuff
[debug] > Exec(reload, None, None)
[debug] > Exec(sbtStashOnFailure, None, None)
[debug] > Exec(onFailure loadFailed, None, None)
[debug] > Exec(loadp, None, None)
[info] welcome to sbt 1.8.3 (Oracle Corporation Java 20.0.2)
[debug] Load.defaultLoad until apply took 27.608541ms
[debug]     Load.loadUnit: plugins took 31.194959ms
[debug]     Load.loadUnit: defsScala took 0.108791ms
[debug] [Loading] Scanning directory /Users/aghurtchumelia/build-your-own-stuff
[debug] [Loading] Found non-root projects 
[debug] [Loading] Done in /Users/aghurtchumelia/build-your-own-stuff, returning: ()
[debug] deducing auto plugins based on known facts Set(Atom(sbt.plugins.CorePlugin)) and clauses Clauses(Clause(Atom(sbt.plugins.JvmPlugin),Set(Atom(sbt.plugins.IvyPlugin)))
[debug] Clause(Atom(sbt.ScriptedPlugin),Set(Atom(sbt.plugins.JvmPlugin)))
[debug] Clause(Atom(sbt.plugins.SbtPlugin),Set(Atom(sbt.ScriptedPlugin)))
[debug] Clause(Atom(sbt.plugins.SemanticdbPlugin),Set(Atom(sbt.plugins.JvmPlugin)))
[debug] Clause(Atom(sbt.plugins.JUnitXmlReportPlugin),Set(Atom(sbt.plugins.JvmPlugin)))
[debug] Clause(Atom(sbt.plugins.MiniDependencyTreePlugin),Set(Atom(sbt.plugins.JvmPlugin)))
[debug] Clause(Atom(sbt.plugins.CorePlugin),Set(Atom(sbt.plugins.IvyPlugin)))
[debug] Clause(Atom(sbt.plugins.IvyPlugin),Set(Atom(sbt.plugins.JvmPlugin)))
[debug] Clause(Atom(sbt.plugins.JvmPlugin),Set(Atom(sbt.plugins.SemanticdbPlugin)))
[debug] Clause(Atom(sbt.plugins.JvmPlugin),Set(Atom(sbt.plugins.JUnitXmlReportPlugin)))
[debug] Clause(Atom(sbt.plugins.CorePlugin),Set(Atom(sbt.plugins.Giter8TemplatePlugin)))
[debug] Clause(Atom(sbt.plugins.JvmPlugin),Set(Atom(sbt.plugins.MiniDependencyTreePlugin))))
[debug]   :: deduced result: Matched(sbt.plugins.CorePlugin,sbt.plugins.Giter8TemplatePlugin,sbt.plugins.IvyPlugin,sbt.plugins.JvmPlugin,sbt.plugins.MiniDependencyTreePlugin,sbt.plugins.JUnitXmlReportPlugin,sbt.plugins.SemanticdbPlugin)
[debug] Plugins.deducer#function took 6.362416 ms
[debug]         Load.resolveProject(build-your-own-stuff) took 19.548125ms
[debug]       Load.loadTransitive: finalizeProject(Project(id build-your-own-stuff, base: /Users/aghurtchumelia/build-your-own-stuff, plugins: List(<none>))) took 35.371583ms
[debug] [Loading] Done in /Users/aghurtchumelia/build-your-own-stuff, returning: (build-your-own-stuff)
[debug]     Load.loadUnit: loadedProjectsRaw took 43.921375ms
[debug]     Load.loadUnit: cleanEvalClasses took 0.06675ms
[debug]   Load.loadUnit(file:/Users/aghurtchumelia/build-your-own-stuff/, ...) took 77.65125ms
[debug] Load.apply: load took 450.451959ms
[debug] Load.apply: resolveProjects took 2.835291ms
[debug] Load.apply: finalTransforms took 32.491083ms
[debug] Load.apply: config.delegates took 2.636916ms
[debug] Load.apply: Def.make(settings)... took 158.483708ms
[debug] Load.apply: structureIndex took 42.21375ms
[debug] Load.apply: mkStreams took 0.606584ms
[info] set current project to build-your-own-stuff (in build file:/Users/aghurtchumelia/build-your-own-stuff/)
[debug] > Exec(sbtPopOnFailure, None, None)
[debug] > Exec(resumeFromFailure, None, None)
[debug] > Exec(notifyUsersAboutShell, None, None)
[debug] > Exec(iflast shell, None, None)
[debug] > Exec(shell, None, None)
[info] sbt server started at local:///Users/aghurtchumelia/.sbt/1.0/server/2311c53855d8bdfa1822/sock
[debug] Writing bsp connection file
[info] started sbt server
